\BOOKMARK [0][-]{chapter*.1}{ABSTRACT}{}% 1
\BOOKMARK [0][-]{section*.2}{LIST OF FIGURES}{}% 2
\BOOKMARK [0][-]{section*.3}{LIST OF TABLES}{}% 3
\BOOKMARK [0][-]{chapter*.4}{ACKNOWLEDGMENTS}{}% 4
\BOOKMARK [0][-]{chapter.1}{Introduction}{}% 5
\BOOKMARK [1][-]{section.1.1}{First section}{chapter.1}% 6
\BOOKMARK [1][-]{section.1.2}{Sencond section}{chapter.1}% 7
\BOOKMARK [1][-]{section.1.3}{Last section}{chapter.1}% 8
\BOOKMARK [1][-]{section.1.4}{Last section to test Citation}{chapter.1}% 9
\BOOKMARK [0][-]{chapter.2}{Reproduced Chapter: This chapter represents that style used when a journal article has already been published or has been accepted for publication }{}% 10
\BOOKMARK [1][-]{section.2.1}{First section}{chapter.2}% 11
\BOOKMARK [0][-]{chapter.3}{This is a really really long title that someone else wrote for all the penguins in the world}{}% 12
\BOOKMARK [1][-]{section.3.1}{First section}{chapter.3}% 13
\BOOKMARK [1][-]{section.3.2}{This is a really really really really really really really really really really really really really really really really really really really really really really really really really really really really really really long title having more than three lines of text to appear on the toc.}{chapter.3}% 14
\BOOKMARK [1][-]{section.3.3}{Last section}{chapter.3}% 15
\BOOKMARK [0][-]{chapter.4}{Example of Long Long Long Long Long Long Long Long Long Long Long Long Long Long Long Long Long Long Long Long Long Long Long Long Long Long chapter}{}% 16
\BOOKMARK [1][-]{section.4.1}{First section}{chapter.4}% 17
\BOOKMARK [1][-]{section.4.2}{Second section}{chapter.4}% 18
\BOOKMARK [1][-]{section.4.3}{Last section}{chapter.4}% 19
\BOOKMARK [0][-]{chapter.5}{Figure and Table Chapter}{}% 20
\BOOKMARK [1][-]{section.5.1}{Figures}{chapter.5}% 21
\BOOKMARK [1][-]{section.5.2}{Tables}{chapter.5}% 22
\BOOKMARK [1][-]{section.5.3}{Last section}{chapter.5}% 23
\BOOKMARK [0][-]{chapter.6}{Last chapter}{}% 24
\BOOKMARK [1][-]{section.6.1}{First section}{chapter.6}% 25
\BOOKMARK [1][-]{section.6.2}{Second section}{chapter.6}% 26
\BOOKMARK [1][-]{section.6.3}{Last section to test Citation}{chapter.6}% 27
\BOOKMARK [0][-]{chapter.7}{Last Last chapter}{}% 28
\BOOKMARK [1][-]{section.7.1}{Section}{chapter.7}% 29
\BOOKMARK [0][-]{chapter*.5}{REFERENCES}{}% 30
\BOOKMARK [0][-]{appendix.A}{Supplement Data}{}% 31
\BOOKMARK [0][-]{appendix.B}{Supplemental Electronic Files}{}% 32
